Success (13):
content 43310 _a-0000df9d-6819-8000-aae2-01ef9001ef90_45160 "Sample Folder"
content 43311 _a-0000df9d-6819-8000-aae2-01ef9001ef90_45161 "SAMPLE_TEST_1"
content 45415 _a-0000df9d-6819-8000-aae2-01ef9001ef90_47379 "TODAY_1"
content 45416 _a-0000df9d-6819-8000-aae2-01ef9001ef90_47380 "TODAY_2"
content 45419 _a-0000df9d-6819-8000-aae2-01ef9001ef90_47383 "Tommorrow_1"
content 45420 _a-0000df9d-6819-8000-aae2-01ef9001ef90_47384 "Tommorrow_2"
content 45984 _a-0000df9d-6819-8000-aae2-01ef9001ef90_47956 "CONSTANT_1"
content 45983 _a-0000df9d-6819-8000-aae2-01ef9001ef90_47959 "CONSTANT_2"
content 46035 _a-0000df9d-6819-8000-aae2-01ef9001ef90_48011 "CONSTANT_3"
processModelFolder 77 _g-0000df9d-6819-8000-aae2-014d98014d98_109 "test-leave"
processModelFolder 78 _g-0000df9d-6819-8000-aae2-014d98014d98_110 "testfolder"
processModel 3210 0002dfbf-a081-8000-aae2-014d98014d98 "testPM"
application 43309 _a-0000df9d-6819-8000-aae2-01ef9001ef90_45159 "Leave Management System"

Referenced precedents that were not exported (1):
user krishnau krishnau

Trace:
2017-11-22 11:34:14.102 DEBUG application 43309 _a-0000df9d-6819-8000-aae2-01ef9001ef90_45159 Begin transport.
2017-11-22 11:34:14.102 DEBUG application 43309 _a-0000df9d-6819-8000-aae2-01ef9001ef90_45159 Retrieving object data.
2017-11-22 11:34:14.105 DEBUG application 43309 _a-0000df9d-6819-8000-aae2-01ef9001ef90_45159 App associated objects: [content=[_a-0000df9d-6819-8000-aae2-01ef9001ef90_45160, _a-0000df9d-6819-8000-aae2-01ef9001ef90_45161, _a-0000df9d-6819-8000-aae2-01ef9001ef90_45162, _a-0000df9d-6819-8000-aae2-01ef9001ef90_45163, _a-0000df9d-6819-8000-aae2-01ef9001ef90_45164, _a-0000df9d-6819-8000-aae2-01ef9001ef90_45165, _a-0000df9d-6819-8000-aae2-01ef9001ef90_45166, _a-0000df9d-6819-8000-aae2-01ef9001ef90_45167, _a-0000df9d-6819-8000-aae2-01ef9001ef90_45168, _a-0000df9d-6819-8000-aae2-01ef9001ef90_45169, _a-0000df9d-6819-8000-aae2-01ef9001ef90_45170, _a-0000df9d-6819-8000-aae2-01ef9001ef90_46813, _a-0000df9d-6819-8000-aae2-01ef9001ef90_46909, _a-0000df9d-6819-8000-aae2-01ef9001ef90_47379, _a-0000df9d-6819-8000-aae2-01ef9001ef90_47380, _a-0000df9d-6819-8000-aae2-01ef9001ef90_47383, _a-0000df9d-6819-8000-aae2-01ef9001ef90_47384, _a-0000df9d-6819-8000-aae2-01ef9001ef90_47956, _a-0000df9d-6819-8000-aae2-01ef9001ef90_47959, _a-0000df9d-6819-8000-aae2-01ef9001ef90_48011],processModelFolder=[_g-0000df9d-6819-8000-aae2-014d98014d98_109, _g-0000df9d-6819-8000-aae2-014d98014d98_110],processModel=[0002dfbf-a081-8000-aae2-014d98014d98]]
2017-11-22 11:34:14.109 DEBUG application 43309 _a-0000df9d-6819-8000-aae2-01ef9001ef90_45159 Invalid associated objects: [content=[_a-0000df9d-6819-8000-aae2-01ef9001ef90_45162, _a-0000df9d-6819-8000-aae2-01ef9001ef90_45163, _a-0000df9d-6819-8000-aae2-01ef9001ef90_45164, _a-0000df9d-6819-8000-aae2-01ef9001ef90_45165, _a-0000df9d-6819-8000-aae2-01ef9001ef90_45166, _a-0000df9d-6819-8000-aae2-01ef9001ef90_45167, _a-0000df9d-6819-8000-aae2-01ef9001ef90_45168, _a-0000df9d-6819-8000-aae2-01ef9001ef90_45169, _a-0000df9d-6819-8000-aae2-01ef9001ef90_45170, _a-0000df9d-6819-8000-aae2-01ef9001ef90_46813, _a-0000df9d-6819-8000-aae2-01ef9001ef90_46909]]
2017-11-22 11:34:14.109 DEBUG application 43309 _a-0000df9d-6819-8000-aae2-01ef9001ef90_45159 Adding valid associated objects to be exported: GlobalBindingMap[content={_a-0000df9d-6819-8000-aae2-01ef9001ef90_45160=43310, _a-0000df9d-6819-8000-aae2-01ef9001ef90_45161=43311, _a-0000df9d-6819-8000-aae2-01ef9001ef90_47379=45415, _a-0000df9d-6819-8000-aae2-01ef9001ef90_47380=45416, _a-0000df9d-6819-8000-aae2-01ef9001ef90_47383=45419, _a-0000df9d-6819-8000-aae2-01ef9001ef90_47384=45420, _a-0000df9d-6819-8000-aae2-01ef9001ef90_47956=45984, _a-0000df9d-6819-8000-aae2-01ef9001ef90_47959=45983, _a-0000df9d-6819-8000-aae2-01ef9001ef90_48011=46035},processModelFolder={_g-0000df9d-6819-8000-aae2-014d98014d98_109=77, _g-0000df9d-6819-8000-aae2-014d98014d98_110=78},processModel={0002dfbf-a081-8000-aae2-014d98014d98=3210}]
2017-11-22 11:34:14.109 DEBUG application 43309 _a-0000df9d-6819-8000-aae2-01ef9001ef90_45159 Setting uuids of object references.
2017-11-22 11:34:14.109 DEBUG application 43309 _a-0000df9d-6819-8000-aae2-01ef9001ef90_45159 Processing reference: Application.forum
2017-11-22 11:34:14.109 DEBUG application 43309 _a-0000df9d-6819-8000-aae2-01ef9001ef90_45159 Processing reference: Application.parent
2017-11-22 11:34:14.111 DEBUG application 43309 _a-0000df9d-6819-8000-aae2-01ef9001ef90_45159 Processing reference: com.appiancorp.suiteapi.content.ContentRoleMap@58b02fd2[
  ContentRole[name=readers,inherit=false,allowForAll=false]
  ContentRole[name=authors,inherit=false,allowForAll=false]
  ContentRole[name=administrators,usernames=[krishnau],inherit=false,allowForAll=false]
  ContentRole[name=denyReaders,inherit=false,allowForAll=false]
  ContentRole[name=denyAuthors,inherit=false,allowForAll=false]
  ContentRole[name=denyAdministrators,inherit=false,allowForAll=false]
  securityVector=129:SEC_PUBLIC=true,SEC_CREATOR_ADMIN=true,SEC_INH_ADMIN=false,SEC_INH_EDITOR=false,SEC_INH_VIEWER=false,SEC_ALL_ADMIN=false,SEC_ALL_EDITOR=false,SEC_ALL_VIEWER=false
]
2017-11-22 11:34:14.111 DEBUG application 43309 _a-0000df9d-6819-8000-aae2-01ef9001ef90_45159 Processing reference: ContentRole[name=readers,inherit=false,allowForAll=false]
2017-11-22 11:34:14.111 DEBUG application 43309 _a-0000df9d-6819-8000-aae2-01ef9001ef90_45159 Processing reference: ContentRole[name=authors,inherit=false,allowForAll=false]
2017-11-22 11:34:14.111 DEBUG application 43309 _a-0000df9d-6819-8000-aae2-01ef9001ef90_45159 Processing reference: ContentRole[name=administrators,usernames=[krishnau],inherit=false,allowForAll=false]
2017-11-22 11:34:14.112 DEBUG application 43309 _a-0000df9d-6819-8000-aae2-01ef9001ef90_45159 Processing reference: ContentRole[name=denyReaders,inherit=false,allowForAll=false]
2017-11-22 11:34:14.112 DEBUG application 43309 _a-0000df9d-6819-8000-aae2-01ef9001ef90_45159 Processing reference: ContentRole[name=denyAuthors,inherit=false,allowForAll=false]
2017-11-22 11:34:14.112 DEBUG application 43309 _a-0000df9d-6819-8000-aae2-01ef9001ef90_45159 Processing reference: ContentRole[name=denyAdministrators,inherit=false,allowForAll=false]
2017-11-22 11:34:14.113 DEBUG content 43310 _a-0000df9d-6819-8000-aae2-01ef9001ef90_45160 Begin transport.
2017-11-22 11:34:14.113 DEBUG content 43310 _a-0000df9d-6819-8000-aae2-01ef9001ef90_45160 Retrieving object data.
2017-11-22 11:34:14.118 DEBUG content 43310 _a-0000df9d-6819-8000-aae2-01ef9001ef90_45160 Setting uuids of object references.
2017-11-22 11:34:14.118 DEBUG content 43310 _a-0000df9d-6819-8000-aae2-01ef9001ef90_45160 Processing reference: RulesFolder.forum
2017-11-22 11:34:14.119 DEBUG content 43310 _a-0000df9d-6819-8000-aae2-01ef9001ef90_45160 Processing reference: RulesFolder.parent
2017-11-22 11:34:14.12 DEBUG content 43310 _a-0000df9d-6819-8000-aae2-01ef9001ef90_45160 Processing reference: com.appiancorp.suiteapi.content.ContentRoleMap@856778[
  ContentRole[name=readers,inherit=true,allowForAll=false]
  ContentRole[name=authors,inherit=true,allowForAll=false]
  ContentRole[name=administrators,inherit=true,allowForAll=false]
  ContentRole[name=denyReaders,inherit=false,allowForAll=false]
  ContentRole[name=denyAuthors,inherit=false,allowForAll=false]
  ContentRole[name=denyAdministrators,inherit=false,allowForAll=false]
  securityVector=15:SEC_PUBLIC=true,SEC_CREATOR_ADMIN=false,SEC_INH_ADMIN=true,SEC_INH_EDITOR=true,SEC_INH_VIEWER=true,SEC_ALL_ADMIN=false,SEC_ALL_EDITOR=false,SEC_ALL_VIEWER=false
]
2017-11-22 11:34:14.12 DEBUG content 43310 _a-0000df9d-6819-8000-aae2-01ef9001ef90_45160 Processing reference: ContentRole[name=readers,inherit=true,allowForAll=false]
2017-11-22 11:34:14.12 DEBUG content 43310 _a-0000df9d-6819-8000-aae2-01ef9001ef90_45160 Processing reference: ContentRole[name=authors,inherit=true,allowForAll=false]
2017-11-22 11:34:14.12 DEBUG content 43310 _a-0000df9d-6819-8000-aae2-01ef9001ef90_45160 Processing reference: ContentRole[name=administrators,inherit=true,allowForAll=false]
2017-11-22 11:34:14.12 DEBUG content 43310 _a-0000df9d-6819-8000-aae2-01ef9001ef90_45160 Processing reference: ContentRole[name=denyReaders,inherit=false,allowForAll=false]
2017-11-22 11:34:14.12 DEBUG content 43310 _a-0000df9d-6819-8000-aae2-01ef9001ef90_45160 Processing reference: ContentRole[name=denyAuthors,inherit=false,allowForAll=false]
2017-11-22 11:34:14.12 DEBUG content 43310 _a-0000df9d-6819-8000-aae2-01ef9001ef90_45160 Processing reference: ContentRole[name=denyAdministrators,inherit=false,allowForAll=false]
2017-11-22 11:34:14.12 DEBUG content 43310 _a-0000df9d-6819-8000-aae2-01ef9001ef90_45160 Completing produce.
2017-11-22 11:34:14.12 DEBUG content 43310 _a-0000df9d-6819-8000-aae2-01ef9001ef90_45160 Exporting binary resources.
2017-11-22 11:34:14.12 DEBUG content 43310 _a-0000df9d-6819-8000-aae2-01ef9001ef90_45160 Serializing object to XML.
2017-11-22 11:34:14.12 DEBUG content 43310 _a-0000df9d-6819-8000-aae2-01ef9001ef90_45160 Object transported.
2017-11-22 11:34:14.12 DEBUG content 43311 _a-0000df9d-6819-8000-aae2-01ef9001ef90_45161 Begin transport.
2017-11-22 11:34:14.12 DEBUG content 43311 _a-0000df9d-6819-8000-aae2-01ef9001ef90_45161 Retrieving object data.
2017-11-22 11:34:14.125 DEBUG content 43311 _a-0000df9d-6819-8000-aae2-01ef9001ef90_45161 Setting uuids of object references.
2017-11-22 11:34:14.125 DEBUG content 43311 _a-0000df9d-6819-8000-aae2-01ef9001ef90_45161 Processing reference: [Content:id=43311,versionId=-1,name=SAMPLE_TEST_1,description=SAMPLE_TEST_1,type=32,subtype=0,uuid=_a-0000df9d-6819-8000-aae2-01ef9001ef90_45161,parent=43310,parentName=Sample Folder,parentType=2,log=43311,logName=SAMPLE_TEST_1,state=255,visibility=35,security=15,creator=krishnau,createdTimestamp=2017-11-06 06:15:36.0,updatedTimestamp=2017-11-06 06:15:36.0,size=0,lockedBy=,changesRequireApproval=false,attributes={system=0, hidden=0, ruletype=0, multiple=0, isEnvironmentSpecific=false, value=null, returnType=1},partition=2,partitionName=/usr/local/appian/_admin/accdocs2]
2017-11-22 11:34:14.125 DEBUG content 43311 _a-0000df9d-6819-8000-aae2-01ef9001ef90_45161 Processing reference: Constant.forum
2017-11-22 11:34:14.126 DEBUG content 43311 _a-0000df9d-6819-8000-aae2-01ef9001ef90_45161 Processing reference: Constant.parent
2017-11-22 11:34:14.127 DEBUG content 43311 _a-0000df9d-6819-8000-aae2-01ef9001ef90_45161 Processing reference: com.appiancorp.suiteapi.content.ContentRoleMap@78a8f282[
  ContentRole[name=readers,inherit=true,allowForAll=false]
  ContentRole[name=authors,inherit=true,allowForAll=false]
  ContentRole[name=administrators,inherit=true,allowForAll=false]
  ContentRole[name=denyReaders,inherit=false,allowForAll=false]
  ContentRole[name=denyAuthors,inherit=false,allowForAll=false]
  ContentRole[name=denyAdministrators,inherit=false,allowForAll=false]
  securityVector=15:SEC_PUBLIC=true,SEC_CREATOR_ADMIN=false,SEC_INH_ADMIN=true,SEC_INH_EDITOR=true,SEC_INH_VIEWER=true,SEC_ALL_ADMIN=false,SEC_ALL_EDITOR=false,SEC_ALL_VIEWER=false
]
2017-11-22 11:34:14.127 DEBUG content 43311 _a-0000df9d-6819-8000-aae2-01ef9001ef90_45161 Processing reference: ContentRole[name=readers,inherit=true,allowForAll=false]
2017-11-22 11:34:14.127 DEBUG content 43311 _a-0000df9d-6819-8000-aae2-01ef9001ef90_45161 Processing reference: ContentRole[name=authors,inherit=true,allowForAll=false]
2017-11-22 11:34:14.127 DEBUG content 43311 _a-0000df9d-6819-8000-aae2-01ef9001ef90_45161 Processing reference: ContentRole[name=administrators,inherit=true,allowForAll=false]
2017-11-22 11:34:14.127 DEBUG content 43311 _a-0000df9d-6819-8000-aae2-01ef9001ef90_45161 Processing reference: ContentRole[name=denyReaders,inherit=false,allowForAll=false]
2017-11-22 11:34:14.127 DEBUG content 43311 _a-0000df9d-6819-8000-aae2-01ef9001ef90_45161 Processing reference: ContentRole[name=denyAuthors,inherit=false,allowForAll=false]
2017-11-22 11:34:14.127 DEBUG content 43311 _a-0000df9d-6819-8000-aae2-01ef9001ef90_45161 Processing reference: ContentRole[name=denyAdministrators,inherit=false,allowForAll=false]
2017-11-22 11:34:14.127 DEBUG content 43311 _a-0000df9d-6819-8000-aae2-01ef9001ef90_45161 Completing produce.
2017-11-22 11:34:14.127 DEBUG content 43311 _a-0000df9d-6819-8000-aae2-01ef9001ef90_45161 Exporting binary resources.
2017-11-22 11:34:14.127 DEBUG content 43311 _a-0000df9d-6819-8000-aae2-01ef9001ef90_45161 Serializing object to XML.
2017-11-22 11:34:14.129 DEBUG content 43311 _a-0000df9d-6819-8000-aae2-01ef9001ef90_45161 Object transported.
2017-11-22 11:34:14.129 DEBUG content 45415 _a-0000df9d-6819-8000-aae2-01ef9001ef90_47379 Begin transport.
2017-11-22 11:34:14.129 DEBUG content 45415 _a-0000df9d-6819-8000-aae2-01ef9001ef90_47379 Retrieving object data.
2017-11-22 11:34:14.133 DEBUG content 45415 _a-0000df9d-6819-8000-aae2-01ef9001ef90_47379 Setting uuids of object references.
2017-11-22 11:34:14.133 DEBUG content 45415 _a-0000df9d-6819-8000-aae2-01ef9001ef90_47379 Processing reference: [Content:id=45415,versionId=-1,name=TODAY_1,description=,type=32,subtype=0,uuid=_a-0000df9d-6819-8000-aae2-01ef9001ef90_47379,parent=43310,parentName=Sample Folder,parentType=2,log=45415,logName=TODAY_1,state=255,visibility=35,security=15,creator=krishnau,createdTimestamp=2017-11-17 09:23:49.0,updatedTimestamp=2017-11-17 09:23:49.0,size=0,lockedBy=,changesRequireApproval=false,attributes={system=0, hidden=0, ruletype=0, multiple=0, isEnvironmentSpecific=false, value=null, returnType=1},partition=1,partitionName=/usr/local/appian/_admin/accdocs1]
2017-11-22 11:34:14.133 DEBUG content 45415 _a-0000df9d-6819-8000-aae2-01ef9001ef90_47379 Processing reference: Constant.forum
2017-11-22 11:34:14.133 DEBUG content 45415 _a-0000df9d-6819-8000-aae2-01ef9001ef90_47379 Processing reference: Constant.parent
2017-11-22 11:34:14.135 DEBUG content 45415 _a-0000df9d-6819-8000-aae2-01ef9001ef90_47379 Processing reference: com.appiancorp.suiteapi.content.ContentRoleMap@7f78d321[
  ContentRole[name=readers,inherit=true,allowForAll=false]
  ContentRole[name=authors,inherit=true,allowForAll=false]
  ContentRole[name=administrators,inherit=true,allowForAll=false]
  ContentRole[name=denyReaders,inherit=false,allowForAll=false]
  ContentRole[name=denyAuthors,inherit=false,allowForAll=false]
  ContentRole[name=denyAdministrators,inherit=false,allowForAll=false]
  securityVector=15:SEC_PUBLIC=true,SEC_CREATOR_ADMIN=false,SEC_INH_ADMIN=true,SEC_INH_EDITOR=true,SEC_INH_VIEWER=true,SEC_ALL_ADMIN=false,SEC_ALL_EDITOR=false,SEC_ALL_VIEWER=false
]
2017-11-22 11:34:14.135 DEBUG content 45415 _a-0000df9d-6819-8000-aae2-01ef9001ef90_47379 Processing reference: ContentRole[name=readers,inherit=true,allowForAll=false]
2017-11-22 11:34:14.135 DEBUG content 45415 _a-0000df9d-6819-8000-aae2-01ef9001ef90_47379 Processing reference: ContentRole[name=authors,inherit=true,allowForAll=false]
2017-11-22 11:34:14.135 DEBUG content 45415 _a-0000df9d-6819-8000-aae2-01ef9001ef90_47379 Processing reference: ContentRole[name=administrators,inherit=true,allowForAll=false]
2017-11-22 11:34:14.135 DEBUG content 45415 _a-0000df9d-6819-8000-aae2-01ef9001ef90_47379 Processing reference: ContentRole[name=denyReaders,inherit=false,allowForAll=false]
2017-11-22 11:34:14.135 DEBUG content 45415 _a-0000df9d-6819-8000-aae2-01ef9001ef90_47379 Processing reference: ContentRole[name=denyAuthors,inherit=false,allowForAll=false]
2017-11-22 11:34:14.135 DEBUG content 45415 _a-0000df9d-6819-8000-aae2-01ef9001ef90_47379 Processing reference: ContentRole[name=denyAdministrators,inherit=false,allowForAll=false]
2017-11-22 11:34:14.135 DEBUG content 45415 _a-0000df9d-6819-8000-aae2-01ef9001ef90_47379 Completing produce.
2017-11-22 11:34:14.135 DEBUG content 45415 _a-0000df9d-6819-8000-aae2-01ef9001ef90_47379 Exporting binary resources.
2017-11-22 11:34:14.135 DEBUG content 45415 _a-0000df9d-6819-8000-aae2-01ef9001ef90_47379 Serializing object to XML.
2017-11-22 11:34:14.136 DEBUG content 45415 _a-0000df9d-6819-8000-aae2-01ef9001ef90_47379 Object transported.
2017-11-22 11:34:14.136 DEBUG content 45416 _a-0000df9d-6819-8000-aae2-01ef9001ef90_47380 Begin transport.
2017-11-22 11:34:14.136 DEBUG content 45416 _a-0000df9d-6819-8000-aae2-01ef9001ef90_47380 Retrieving object data.
2017-11-22 11:34:14.14 DEBUG content 45416 _a-0000df9d-6819-8000-aae2-01ef9001ef90_47380 Setting uuids of object references.
2017-11-22 11:34:14.141 DEBUG content 45416 _a-0000df9d-6819-8000-aae2-01ef9001ef90_47380 Processing reference: [Content:id=45416,versionId=-1,name=TODAY_2,description=,type=32,subtype=0,uuid=_a-0000df9d-6819-8000-aae2-01ef9001ef90_47380,parent=43310,parentName=Sample Folder,parentType=2,log=45416,logName=TODAY_2,state=255,visibility=35,security=15,creator=krishnau,createdTimestamp=2017-11-17 09:24:02.0,updatedTimestamp=2017-11-17 09:24:02.0,size=0,lockedBy=,changesRequireApproval=false,attributes={system=0, hidden=0, ruletype=0, multiple=0, isEnvironmentSpecific=false, value=null, returnType=1},partition=2,partitionName=/usr/local/appian/_admin/accdocs2]
2017-11-22 11:34:14.141 DEBUG content 45416 _a-0000df9d-6819-8000-aae2-01ef9001ef90_47380 Processing reference: Constant.forum
2017-11-22 11:34:14.141 DEBUG content 45416 _a-0000df9d-6819-8000-aae2-01ef9001ef90_47380 Processing reference: Constant.parent
2017-11-22 11:34:14.142 DEBUG content 45416 _a-0000df9d-6819-8000-aae2-01ef9001ef90_47380 Processing reference: com.appiancorp.suiteapi.content.ContentRoleMap@7106525a[
  ContentRole[name=readers,inherit=true,allowForAll=false]
  ContentRole[name=authors,inherit=true,allowForAll=false]
  ContentRole[name=administrators,inherit=true,allowForAll=false]
  ContentRole[name=denyReaders,inherit=false,allowForAll=false]
  ContentRole[name=denyAuthors,inherit=false,allowForAll=false]
  ContentRole[name=denyAdministrators,inherit=false,allowForAll=false]
  securityVector=15:SEC_PUBLIC=true,SEC_CREATOR_ADMIN=false,SEC_INH_ADMIN=true,SEC_INH_EDITOR=true,SEC_INH_VIEWER=true,SEC_ALL_ADMIN=false,SEC_ALL_EDITOR=false,SEC_ALL_VIEWER=false
]
2017-11-22 11:34:14.142 DEBUG content 45416 _a-0000df9d-6819-8000-aae2-01ef9001ef90_47380 Processing reference: ContentRole[name=readers,inherit=true,allowForAll=false]
2017-11-22 11:34:14.142 DEBUG content 45416 _a-0000df9d-6819-8000-aae2-01ef9001ef90_47380 Processing reference: ContentRole[name=authors,inherit=true,allowForAll=false]
2017-11-22 11:34:14.142 DEBUG content 45416 _a-0000df9d-6819-8000-aae2-01ef9001ef90_47380 Processing reference: ContentRole[name=administrators,inherit=true,allowForAll=false]
2017-11-22 11:34:14.142 DEBUG content 45416 _a-0000df9d-6819-8000-aae2-01ef9001ef90_47380 Processing reference: ContentRole[name=denyReaders,inherit=false,allowForAll=false]
2017-11-22 11:34:14.142 DEBUG content 45416 _a-0000df9d-6819-8000-aae2-01ef9001ef90_47380 Processing reference: ContentRole[name=denyAuthors,inherit=false,allowForAll=false]
2017-11-22 11:34:14.142 DEBUG content 45416 _a-0000df9d-6819-8000-aae2-01ef9001ef90_47380 Processing reference: ContentRole[name=denyAdministrators,inherit=false,allowForAll=false]
2017-11-22 11:34:14.142 DEBUG content 45416 _a-0000df9d-6819-8000-aae2-01ef9001ef90_47380 Completing produce.
2017-11-22 11:34:14.142 DEBUG content 45416 _a-0000df9d-6819-8000-aae2-01ef9001ef90_47380 Exporting binary resources.
2017-11-22 11:34:14.142 DEBUG content 45416 _a-0000df9d-6819-8000-aae2-01ef9001ef90_47380 Serializing object to XML.
2017-11-22 11:34:14.144 DEBUG content 45416 _a-0000df9d-6819-8000-aae2-01ef9001ef90_47380 Object transported.
2017-11-22 11:34:14.144 DEBUG content 45419 _a-0000df9d-6819-8000-aae2-01ef9001ef90_47383 Begin transport.
2017-11-22 11:34:14.144 DEBUG content 45419 _a-0000df9d-6819-8000-aae2-01ef9001ef90_47383 Retrieving object data.
2017-11-22 11:34:14.148 DEBUG content 45419 _a-0000df9d-6819-8000-aae2-01ef9001ef90_47383 Setting uuids of object references.
2017-11-22 11:34:14.148 DEBUG content 45419 _a-0000df9d-6819-8000-aae2-01ef9001ef90_47383 Processing reference: [Content:id=45419,versionId=-1,name=Tommorrow_1,description=,type=32,subtype=0,uuid=_a-0000df9d-6819-8000-aae2-01ef9001ef90_47383,parent=43310,parentName=Sample Folder,parentType=2,log=45419,logName=Tommorrow_1,state=255,visibility=35,security=15,creator=krishnau,createdTimestamp=2017-11-17 09:26:42.0,updatedTimestamp=2017-11-17 09:26:42.0,size=0,lockedBy=,changesRequireApproval=false,attributes={system=0, hidden=0, ruletype=0, multiple=0, isEnvironmentSpecific=false, value=null, returnType=1},partition=2,partitionName=/usr/local/appian/_admin/accdocs2]
2017-11-22 11:34:14.148 DEBUG content 45419 _a-0000df9d-6819-8000-aae2-01ef9001ef90_47383 Processing reference: Constant.forum
2017-11-22 11:34:14.149 DEBUG content 45419 _a-0000df9d-6819-8000-aae2-01ef9001ef90_47383 Processing reference: Constant.parent
2017-11-22 11:34:14.15 DEBUG content 45419 _a-0000df9d-6819-8000-aae2-01ef9001ef90_47383 Processing reference: com.appiancorp.suiteapi.content.ContentRoleMap@1f0d3af2[
  ContentRole[name=readers,inherit=true,allowForAll=false]
  ContentRole[name=authors,inherit=true,allowForAll=false]
  ContentRole[name=administrators,inherit=true,allowForAll=false]
  ContentRole[name=denyReaders,inherit=false,allowForAll=false]
  ContentRole[name=denyAuthors,inherit=false,allowForAll=false]
  ContentRole[name=denyAdministrators,inherit=false,allowForAll=false]
  securityVector=15:SEC_PUBLIC=true,SEC_CREATOR_ADMIN=false,SEC_INH_ADMIN=true,SEC_INH_EDITOR=true,SEC_INH_VIEWER=true,SEC_ALL_ADMIN=false,SEC_ALL_EDITOR=false,SEC_ALL_VIEWER=false
]
2017-11-22 11:34:14.15 DEBUG content 45419 _a-0000df9d-6819-8000-aae2-01ef9001ef90_47383 Processing reference: ContentRole[name=readers,inherit=true,allowForAll=false]
2017-11-22 11:34:14.15 DEBUG content 45419 _a-0000df9d-6819-8000-aae2-01ef9001ef90_47383 Processing reference: ContentRole[name=authors,inherit=true,allowForAll=false]
2017-11-22 11:34:14.15 DEBUG content 45419 _a-0000df9d-6819-8000-aae2-01ef9001ef90_47383 Processing reference: ContentRole[name=administrators,inherit=true,allowForAll=false]
2017-11-22 11:34:14.15 DEBUG content 45419 _a-0000df9d-6819-8000-aae2-01ef9001ef90_47383 Processing reference: ContentRole[name=denyReaders,inherit=false,allowForAll=false]
2017-11-22 11:34:14.15 DEBUG content 45419 _a-0000df9d-6819-8000-aae2-01ef9001ef90_47383 Processing reference: ContentRole[name=denyAuthors,inherit=false,allowForAll=false]
2017-11-22 11:34:14.15 DEBUG content 45419 _a-0000df9d-6819-8000-aae2-01ef9001ef90_47383 Processing reference: ContentRole[name=denyAdministrators,inherit=false,allowForAll=false]
2017-11-22 11:34:14.15 DEBUG content 45419 _a-0000df9d-6819-8000-aae2-01ef9001ef90_47383 Completing produce.
2017-11-22 11:34:14.15 DEBUG content 45419 _a-0000df9d-6819-8000-aae2-01ef9001ef90_47383 Exporting binary resources.
2017-11-22 11:34:14.15 DEBUG content 45419 _a-0000df9d-6819-8000-aae2-01ef9001ef90_47383 Serializing object to XML.
2017-11-22 11:34:14.152 DEBUG content 45419 _a-0000df9d-6819-8000-aae2-01ef9001ef90_47383 Object transported.
2017-11-22 11:34:14.152 DEBUG content 45420 _a-0000df9d-6819-8000-aae2-01ef9001ef90_47384 Begin transport.
2017-11-22 11:34:14.152 DEBUG content 45420 _a-0000df9d-6819-8000-aae2-01ef9001ef90_47384 Retrieving object data.
2017-11-22 11:34:14.156 DEBUG content 45420 _a-0000df9d-6819-8000-aae2-01ef9001ef90_47384 Setting uuids of object references.
2017-11-22 11:34:14.156 DEBUG content 45420 _a-0000df9d-6819-8000-aae2-01ef9001ef90_47384 Processing reference: [Content:id=45420,versionId=-1,name=Tommorrow_2,description=,type=32,subtype=0,uuid=_a-0000df9d-6819-8000-aae2-01ef9001ef90_47384,parent=43310,parentName=Sample Folder,parentType=2,log=45420,logName=Tommorrow_2,state=255,visibility=35,security=15,creator=krishnau,createdTimestamp=2017-11-17 09:26:51.0,updatedTimestamp=2017-11-17 09:26:51.0,size=0,lockedBy=,changesRequireApproval=false,attributes={system=0, hidden=0, ruletype=0, multiple=0, isEnvironmentSpecific=false, value=null, returnType=1},partition=3,partitionName=/usr/local/appian/_admin/accdocs3]
2017-11-22 11:34:14.156 DEBUG content 45420 _a-0000df9d-6819-8000-aae2-01ef9001ef90_47384 Processing reference: Constant.forum
2017-11-22 11:34:14.156 DEBUG content 45420 _a-0000df9d-6819-8000-aae2-01ef9001ef90_47384 Processing reference: Constant.parent
2017-11-22 11:34:14.158 DEBUG content 45420 _a-0000df9d-6819-8000-aae2-01ef9001ef90_47384 Processing reference: com.appiancorp.suiteapi.content.ContentRoleMap@7a0ac58d[
  ContentRole[name=readers,inherit=true,allowForAll=false]
  ContentRole[name=authors,inherit=true,allowForAll=false]
  ContentRole[name=administrators,inherit=true,allowForAll=false]
  ContentRole[name=denyReaders,inherit=false,allowForAll=false]
  ContentRole[name=denyAuthors,inherit=false,allowForAll=false]
  ContentRole[name=denyAdministrators,inherit=false,allowForAll=false]
  securityVector=15:SEC_PUBLIC=true,SEC_CREATOR_ADMIN=false,SEC_INH_ADMIN=true,SEC_INH_EDITOR=true,SEC_INH_VIEWER=true,SEC_ALL_ADMIN=false,SEC_ALL_EDITOR=false,SEC_ALL_VIEWER=false
]
2017-11-22 11:34:14.158 DEBUG content 45420 _a-0000df9d-6819-8000-aae2-01ef9001ef90_47384 Processing reference: ContentRole[name=readers,inherit=true,allowForAll=false]
2017-11-22 11:34:14.158 DEBUG content 45420 _a-0000df9d-6819-8000-aae2-01ef9001ef90_47384 Processing reference: ContentRole[name=authors,inherit=true,allowForAll=false]
2017-11-22 11:34:14.158 DEBUG content 45420 _a-0000df9d-6819-8000-aae2-01ef9001ef90_47384 Processing reference: ContentRole[name=administrators,inherit=true,allowForAll=false]
2017-11-22 11:34:14.158 DEBUG content 45420 _a-0000df9d-6819-8000-aae2-01ef9001ef90_47384 Processing reference: ContentRole[name=denyReaders,inherit=false,allowForAll=false]
2017-11-22 11:34:14.158 DEBUG content 45420 _a-0000df9d-6819-8000-aae2-01ef9001ef90_47384 Processing reference: ContentRole[name=denyAuthors,inherit=false,allowForAll=false]
2017-11-22 11:34:14.158 DEBUG content 45420 _a-0000df9d-6819-8000-aae2-01ef9001ef90_47384 Processing reference: ContentRole[name=denyAdministrators,inherit=false,allowForAll=false]
2017-11-22 11:34:14.158 DEBUG content 45420 _a-0000df9d-6819-8000-aae2-01ef9001ef90_47384 Completing produce.
2017-11-22 11:34:14.158 DEBUG content 45420 _a-0000df9d-6819-8000-aae2-01ef9001ef90_47384 Exporting binary resources.
2017-11-22 11:34:14.158 DEBUG content 45420 _a-0000df9d-6819-8000-aae2-01ef9001ef90_47384 Serializing object to XML.
2017-11-22 11:34:14.159 DEBUG content 45420 _a-0000df9d-6819-8000-aae2-01ef9001ef90_47384 Object transported.
2017-11-22 11:34:14.159 DEBUG content 45984 _a-0000df9d-6819-8000-aae2-01ef9001ef90_47956 Begin transport.
2017-11-22 11:34:14.159 DEBUG content 45984 _a-0000df9d-6819-8000-aae2-01ef9001ef90_47956 Retrieving object data.
2017-11-22 11:34:14.163 DEBUG content 45984 _a-0000df9d-6819-8000-aae2-01ef9001ef90_47956 Setting uuids of object references.
2017-11-22 11:34:14.163 DEBUG content 45984 _a-0000df9d-6819-8000-aae2-01ef9001ef90_47956 Processing reference: [Content:id=45980,versionId=-1,name=CONSTANT_1,description=CONSTANT_1,type=32,subtype=0,uuid=_a-0000df9d-6819-8000-aae2-01ef9001ef90_47956,parent=43310,parentName=Sample Folder,parentType=2,log=45984,logName=CONSTANT_1,state=255,visibility=35,security=15,creator=krishnau,createdTimestamp=2017-11-22 09:31:36.0,updatedTimestamp=2017-11-22 09:31:36.0,size=0,lockedBy=,changesRequireApproval=false,attributes={system=0, hidden=0, ruletype=0, multiple=0, isEnvironmentSpecific=false, value=1000, returnType=1},partition=1,partitionName=/usr/local/appian/_admin/accdocs1]
2017-11-22 11:34:14.163 DEBUG content 45984 _a-0000df9d-6819-8000-aae2-01ef9001ef90_47956 Processing reference: Constant.forum
2017-11-22 11:34:14.164 DEBUG content 45984 _a-0000df9d-6819-8000-aae2-01ef9001ef90_47956 Processing reference: Constant.parent
2017-11-22 11:34:14.165 DEBUG content 45984 _a-0000df9d-6819-8000-aae2-01ef9001ef90_47956 Processing reference: com.appiancorp.suiteapi.content.ContentRoleMap@5b62d33a[
  ContentRole[name=readers,inherit=true,allowForAll=false]
  ContentRole[name=authors,inherit=true,allowForAll=false]
  ContentRole[name=administrators,inherit=true,allowForAll=false]
  ContentRole[name=denyReaders,inherit=false,allowForAll=false]
  ContentRole[name=denyAuthors,inherit=false,allowForAll=false]
  ContentRole[name=denyAdministrators,inherit=false,allowForAll=false]
  securityVector=15:SEC_PUBLIC=true,SEC_CREATOR_ADMIN=false,SEC_INH_ADMIN=true,SEC_INH_EDITOR=true,SEC_INH_VIEWER=true,SEC_ALL_ADMIN=false,SEC_ALL_EDITOR=false,SEC_ALL_VIEWER=false
]
2017-11-22 11:34:14.165 DEBUG content 45984 _a-0000df9d-6819-8000-aae2-01ef9001ef90_47956 Processing reference: ContentRole[name=readers,inherit=true,allowForAll=false]
2017-11-22 11:34:14.165 DEBUG content 45984 _a-0000df9d-6819-8000-aae2-01ef9001ef90_47956 Processing reference: ContentRole[name=authors,inherit=true,allowForAll=false]
2017-11-22 11:34:14.165 DEBUG content 45984 _a-0000df9d-6819-8000-aae2-01ef9001ef90_47956 Processing reference: ContentRole[name=administrators,inherit=true,allowForAll=false]
2017-11-22 11:34:14.165 DEBUG content 45984 _a-0000df9d-6819-8000-aae2-01ef9001ef90_47956 Processing reference: ContentRole[name=denyReaders,inherit=false,allowForAll=false]
2017-11-22 11:34:14.165 DEBUG content 45984 _a-0000df9d-6819-8000-aae2-01ef9001ef90_47956 Processing reference: ContentRole[name=denyAuthors,inherit=false,allowForAll=false]
2017-11-22 11:34:14.165 DEBUG content 45984 _a-0000df9d-6819-8000-aae2-01ef9001ef90_47956 Processing reference: ContentRole[name=denyAdministrators,inherit=false,allowForAll=false]
2017-11-22 11:34:14.165 DEBUG content 45984 _a-0000df9d-6819-8000-aae2-01ef9001ef90_47956 Completing produce.
2017-11-22 11:34:14.165 DEBUG content 45984 _a-0000df9d-6819-8000-aae2-01ef9001ef90_47956 Exporting binary resources.
2017-11-22 11:34:14.165 DEBUG content 45984 _a-0000df9d-6819-8000-aae2-01ef9001ef90_47956 Serializing object to XML.
2017-11-22 11:34:14.166 DEBUG content 45984 _a-0000df9d-6819-8000-aae2-01ef9001ef90_47956 Object transported.
2017-11-22 11:34:14.166 DEBUG content 45983 _a-0000df9d-6819-8000-aae2-01ef9001ef90_47959 Begin transport.
2017-11-22 11:34:14.166 DEBUG content 45983 _a-0000df9d-6819-8000-aae2-01ef9001ef90_47959 Retrieving object data.
2017-11-22 11:34:14.171 DEBUG content 45983 _a-0000df9d-6819-8000-aae2-01ef9001ef90_47959 Setting uuids of object references.
2017-11-22 11:34:14.171 DEBUG content 45983 _a-0000df9d-6819-8000-aae2-01ef9001ef90_47959 Processing reference: [Content:id=45983,versionId=-1,name=CONSTANT_2,description=CONSTANT_2,type=32,subtype=0,uuid=_a-0000df9d-6819-8000-aae2-01ef9001ef90_47959,parent=43310,parentName=Sample Folder,parentType=2,log=45983,logName=CONSTANT_2,state=255,visibility=35,security=15,creator=krishnau,createdTimestamp=2017-11-22 09:31:29.0,updatedTimestamp=2017-11-22 09:31:29.0,size=0,lockedBy=,changesRequireApproval=false,attributes={system=0, hidden=0, ruletype=0, multiple=0, isEnvironmentSpecific=false, value=900, returnType=1},partition=3,partitionName=/usr/local/appian/_admin/accdocs3]
2017-11-22 11:34:14.171 DEBUG content 45983 _a-0000df9d-6819-8000-aae2-01ef9001ef90_47959 Processing reference: Constant.forum
2017-11-22 11:34:14.171 DEBUG content 45983 _a-0000df9d-6819-8000-aae2-01ef9001ef90_47959 Processing reference: Constant.parent
2017-11-22 11:34:14.173 DEBUG content 45983 _a-0000df9d-6819-8000-aae2-01ef9001ef90_47959 Processing reference: com.appiancorp.suiteapi.content.ContentRoleMap@7a4d6cd3[
  ContentRole[name=readers,inherit=true,allowForAll=false]
  ContentRole[name=authors,inherit=true,allowForAll=false]
  ContentRole[name=administrators,inherit=true,allowForAll=false]
  ContentRole[name=denyReaders,inherit=false,allowForAll=false]
  ContentRole[name=denyAuthors,inherit=false,allowForAll=false]
  ContentRole[name=denyAdministrators,inherit=false,allowForAll=false]
  securityVector=15:SEC_PUBLIC=true,SEC_CREATOR_ADMIN=false,SEC_INH_ADMIN=true,SEC_INH_EDITOR=true,SEC_INH_VIEWER=true,SEC_ALL_ADMIN=false,SEC_ALL_EDITOR=false,SEC_ALL_VIEWER=false
]
2017-11-22 11:34:14.173 DEBUG content 45983 _a-0000df9d-6819-8000-aae2-01ef9001ef90_47959 Processing reference: ContentRole[name=readers,inherit=true,allowForAll=false]
2017-11-22 11:34:14.173 DEBUG content 45983 _a-0000df9d-6819-8000-aae2-01ef9001ef90_47959 Processing reference: ContentRole[name=authors,inherit=true,allowForAll=false]
2017-11-22 11:34:14.173 DEBUG content 45983 _a-0000df9d-6819-8000-aae2-01ef9001ef90_47959 Processing reference: ContentRole[name=administrators,inherit=true,allowForAll=false]
2017-11-22 11:34:14.173 DEBUG content 45983 _a-0000df9d-6819-8000-aae2-01ef9001ef90_47959 Processing reference: ContentRole[name=denyReaders,inherit=false,allowForAll=false]
2017-11-22 11:34:14.173 DEBUG content 45983 _a-0000df9d-6819-8000-aae2-01ef9001ef90_47959 Processing reference: ContentRole[name=denyAuthors,inherit=false,allowForAll=false]
2017-11-22 11:34:14.173 DEBUG content 45983 _a-0000df9d-6819-8000-aae2-01ef9001ef90_47959 Processing reference: ContentRole[name=denyAdministrators,inherit=false,allowForAll=false]
2017-11-22 11:34:14.173 DEBUG content 45983 _a-0000df9d-6819-8000-aae2-01ef9001ef90_47959 Completing produce.
2017-11-22 11:34:14.173 DEBUG content 45983 _a-0000df9d-6819-8000-aae2-01ef9001ef90_47959 Exporting binary resources.
2017-11-22 11:34:14.173 DEBUG content 45983 _a-0000df9d-6819-8000-aae2-01ef9001ef90_47959 Serializing object to XML.
2017-11-22 11:34:14.174 DEBUG content 45983 _a-0000df9d-6819-8000-aae2-01ef9001ef90_47959 Object transported.
2017-11-22 11:34:14.174 DEBUG content 46035 _a-0000df9d-6819-8000-aae2-01ef9001ef90_48011 Begin transport.
2017-11-22 11:34:14.174 DEBUG content 46035 _a-0000df9d-6819-8000-aae2-01ef9001ef90_48011 Retrieving object data.
2017-11-22 11:34:14.178 DEBUG content 46035 _a-0000df9d-6819-8000-aae2-01ef9001ef90_48011 Setting uuids of object references.
2017-11-22 11:34:14.178 DEBUG content 46035 _a-0000df9d-6819-8000-aae2-01ef9001ef90_48011 Processing reference: [Content:id=46035,versionId=-1,name=CONSTANT_3,description=CONSTANT_3,type=32,subtype=0,uuid=_a-0000df9d-6819-8000-aae2-01ef9001ef90_48011,parent=43310,parentName=Sample Folder,parentType=2,log=46035,logName=CONSTANT_3,state=255,visibility=35,security=15,creator=krishnau,createdTimestamp=2017-11-22 11:33:07.0,updatedTimestamp=2017-11-22 11:33:07.0,size=0,lockedBy=,changesRequireApproval=false,attributes={system=0, hidden=0, ruletype=0, multiple=0, isEnvironmentSpecific=false, value=555, returnType=1},partition=3,partitionName=/usr/local/appian/_admin/accdocs3]
2017-11-22 11:34:14.178 DEBUG content 46035 _a-0000df9d-6819-8000-aae2-01ef9001ef90_48011 Processing reference: Constant.forum
2017-11-22 11:34:14.179 DEBUG content 46035 _a-0000df9d-6819-8000-aae2-01ef9001ef90_48011 Processing reference: Constant.parent
2017-11-22 11:34:14.18 DEBUG content 46035 _a-0000df9d-6819-8000-aae2-01ef9001ef90_48011 Processing reference: com.appiancorp.suiteapi.content.ContentRoleMap@1d8bce08[
  ContentRole[name=readers,inherit=true,allowForAll=false]
  ContentRole[name=authors,inherit=true,allowForAll=false]
  ContentRole[name=administrators,inherit=true,allowForAll=false]
  ContentRole[name=denyReaders,inherit=false,allowForAll=false]
  ContentRole[name=denyAuthors,inherit=false,allowForAll=false]
  ContentRole[name=denyAdministrators,inherit=false,allowForAll=false]
  securityVector=15:SEC_PUBLIC=true,SEC_CREATOR_ADMIN=false,SEC_INH_ADMIN=true,SEC_INH_EDITOR=true,SEC_INH_VIEWER=true,SEC_ALL_ADMIN=false,SEC_ALL_EDITOR=false,SEC_ALL_VIEWER=false
]
2017-11-22 11:34:14.18 DEBUG content 46035 _a-0000df9d-6819-8000-aae2-01ef9001ef90_48011 Processing reference: ContentRole[name=readers,inherit=true,allowForAll=false]
2017-11-22 11:34:14.18 DEBUG content 46035 _a-0000df9d-6819-8000-aae2-01ef9001ef90_48011 Processing reference: ContentRole[name=authors,inherit=true,allowForAll=false]
2017-11-22 11:34:14.18 DEBUG content 46035 _a-0000df9d-6819-8000-aae2-01ef9001ef90_48011 Processing reference: ContentRole[name=administrators,inherit=true,allowForAll=false]
2017-11-22 11:34:14.18 DEBUG content 46035 _a-0000df9d-6819-8000-aae2-01ef9001ef90_48011 Processing reference: ContentRole[name=denyReaders,inherit=false,allowForAll=false]
2017-11-22 11:34:14.18 DEBUG content 46035 _a-0000df9d-6819-8000-aae2-01ef9001ef90_48011 Processing reference: ContentRole[name=denyAuthors,inherit=false,allowForAll=false]
2017-11-22 11:34:14.18 DEBUG content 46035 _a-0000df9d-6819-8000-aae2-01ef9001ef90_48011 Processing reference: ContentRole[name=denyAdministrators,inherit=false,allowForAll=false]
2017-11-22 11:34:14.18 DEBUG content 46035 _a-0000df9d-6819-8000-aae2-01ef9001ef90_48011 Completing produce.
2017-11-22 11:34:14.18 DEBUG content 46035 _a-0000df9d-6819-8000-aae2-01ef9001ef90_48011 Exporting binary resources.
2017-11-22 11:34:14.18 DEBUG content 46035 _a-0000df9d-6819-8000-aae2-01ef9001ef90_48011 Serializing object to XML.
2017-11-22 11:34:14.182 DEBUG content 46035 _a-0000df9d-6819-8000-aae2-01ef9001ef90_48011 Object transported.
2017-11-22 11:34:14.183 DEBUG processModelFolder 77 _g-0000df9d-6819-8000-aae2-014d98014d98_109 Begin transport.
2017-11-22 11:34:14.183 DEBUG processModelFolder 77 _g-0000df9d-6819-8000-aae2-014d98014d98_109 Retrieving object data.
2017-11-22 11:34:14.185 DEBUG processModelFolder 77 _g-0000df9d-6819-8000-aae2-014d98014d98_109 Setting uuids of object references.
2017-11-22 11:34:14.185 DEBUG processModelFolder 77 _g-0000df9d-6819-8000-aae2-014d98014d98_109 Processing reference: ProcessModelFolder.parentFolderId
2017-11-22 11:34:14.185 DEBUG processModelFolder 77 _g-0000df9d-6819-8000-aae2-014d98014d98_109 Processing reference: com.appiancorp.suiteapi.process.ProcessRoleMap@30320515[
  Role[name=ADMIN_OWNER]
  Role[name=EDITOR]
  Role[name=EXPLICIT_NONMEMBER]
  Role[name=VIEWER]
  Role[name=MANAGER]
  Role[name=INITIATOR]
]
2017-11-22 11:34:14.185 DEBUG processModelFolder 77 _g-0000df9d-6819-8000-aae2-014d98014d98_109 Processing reference: Role[name=ADMIN_OWNER]
2017-11-22 11:34:14.185 DEBUG processModelFolder 77 _g-0000df9d-6819-8000-aae2-014d98014d98_109 Processing reference: Role[name=EDITOR]
2017-11-22 11:34:14.185 DEBUG processModelFolder 77 _g-0000df9d-6819-8000-aae2-014d98014d98_109 Processing reference: Role[name=EXPLICIT_NONMEMBER]
2017-11-22 11:34:14.185 DEBUG processModelFolder 77 _g-0000df9d-6819-8000-aae2-014d98014d98_109 Processing reference: Role[name=VIEWER]
2017-11-22 11:34:14.185 DEBUG processModelFolder 77 _g-0000df9d-6819-8000-aae2-014d98014d98_109 Processing reference: Role[name=MANAGER]
2017-11-22 11:34:14.185 DEBUG processModelFolder 77 _g-0000df9d-6819-8000-aae2-014d98014d98_109 Processing reference: Role[name=INITIATOR]
2017-11-22 11:34:14.185 DEBUG processModelFolder 77 _g-0000df9d-6819-8000-aae2-014d98014d98_109 Completing produce.
2017-11-22 11:34:14.185 DEBUG processModelFolder 77 _g-0000df9d-6819-8000-aae2-014d98014d98_109 Exporting binary resources.
2017-11-22 11:34:14.185 DEBUG processModelFolder 77 _g-0000df9d-6819-8000-aae2-014d98014d98_109 Serializing object to XML.
2017-11-22 11:34:14.186 DEBUG processModelFolder 77 _g-0000df9d-6819-8000-aae2-014d98014d98_109 Object transported.
2017-11-22 11:34:14.186 DEBUG processModelFolder 78 _g-0000df9d-6819-8000-aae2-014d98014d98_110 Begin transport.
2017-11-22 11:34:14.186 DEBUG processModelFolder 78 _g-0000df9d-6819-8000-aae2-014d98014d98_110 Retrieving object data.
2017-11-22 11:34:14.188 DEBUG processModelFolder 78 _g-0000df9d-6819-8000-aae2-014d98014d98_110 Setting uuids of object references.
2017-11-22 11:34:14.188 DEBUG processModelFolder 78 _g-0000df9d-6819-8000-aae2-014d98014d98_110 Processing reference: ProcessModelFolder.parentFolderId
2017-11-22 11:34:14.189 DEBUG processModelFolder 78 _g-0000df9d-6819-8000-aae2-014d98014d98_110 Processing reference: com.appiancorp.suiteapi.process.ProcessRoleMap@de99a0[
  Role[name=ADMIN_OWNER]
  Role[name=EDITOR]
  Role[name=EXPLICIT_NONMEMBER]
  Role[name=VIEWER]
  Role[name=MANAGER]
  Role[name=INITIATOR]
]
2017-11-22 11:34:14.189 DEBUG processModelFolder 78 _g-0000df9d-6819-8000-aae2-014d98014d98_110 Processing reference: Role[name=ADMIN_OWNER]
2017-11-22 11:34:14.189 DEBUG processModelFolder 78 _g-0000df9d-6819-8000-aae2-014d98014d98_110 Processing reference: Role[name=EDITOR]
2017-11-22 11:34:14.189 DEBUG processModelFolder 78 _g-0000df9d-6819-8000-aae2-014d98014d98_110 Processing reference: Role[name=EXPLICIT_NONMEMBER]
2017-11-22 11:34:14.189 DEBUG processModelFolder 78 _g-0000df9d-6819-8000-aae2-014d98014d98_110 Processing reference: Role[name=VIEWER]
2017-11-22 11:34:14.189 DEBUG processModelFolder 78 _g-0000df9d-6819-8000-aae2-014d98014d98_110 Processing reference: Role[name=MANAGER]
2017-11-22 11:34:14.189 DEBUG processModelFolder 78 _g-0000df9d-6819-8000-aae2-014d98014d98_110 Processing reference: Role[name=INITIATOR]
2017-11-22 11:34:14.189 DEBUG processModelFolder 78 _g-0000df9d-6819-8000-aae2-014d98014d98_110 Completing produce.
2017-11-22 11:34:14.189 DEBUG processModelFolder 78 _g-0000df9d-6819-8000-aae2-014d98014d98_110 Exporting binary resources.
2017-11-22 11:34:14.189 DEBUG processModelFolder 78 _g-0000df9d-6819-8000-aae2-014d98014d98_110 Serializing object to XML.
2017-11-22 11:34:14.189 DEBUG processModelFolder 78 _g-0000df9d-6819-8000-aae2-014d98014d98_110 Object transported.
2017-11-22 11:34:14.19 DEBUG processModel 3210 0002dfbf-a081-8000-aae2-014d98014d98 Begin transport.
2017-11-22 11:34:14.19 DEBUG processModel 3210 0002dfbf-a081-8000-aae2-014d98014d98 Retrieving object data.
2017-11-22 11:34:14.2 DEBUG processModel 3210 0002dfbf-a081-8000-aae2-014d98014d98 Setting uuids of object references.
2017-11-22 11:34:14.2 DEBUG processModel 3210 0002dfbf-a081-8000-aae2-014d98014d98 Processing reference: ProcessModelHaul.folderId
2017-11-22 11:34:14.201 DEBUG processModel 3210 0002dfbf-a081-8000-aae2-014d98014d98 Processing reference: ProcessModelHaul.modelDashboardPageId
2017-11-22 11:34:14.201 DEBUG processModel 3210 0002dfbf-a081-8000-aae2-014d98014d98 Processing reference: ProcessModelHaul.processDashboardPageId
2017-11-22 11:34:14.201 DEBUG processModel 3210 0002dfbf-a081-8000-aae2-014d98014d98 Processing reference: ProcessModel.emailAttachmentFolderId
2017-11-22 11:34:14.201 DEBUG processModel 3210 0002dfbf-a081-8000-aae2-014d98014d98 Processing reference: ActivityClassParameter[name=pmID,it=23,v=<null>]
2017-11-22 11:34:14.201 DEBUG processModel 3210 0002dfbf-a081-8000-aae2-014d98014d98 Processing reference: ActivityClassParameter[name=inMap,it=111,v={}]
2017-11-22 11:34:14.201 DEBUG processModel 3210 0002dfbf-a081-8000-aae2-014d98014d98 Processing reference: ActivityClassParameter[name=procInheritsPriority,it=1,v=1]
2017-11-22 11:34:14.201 DEBUG processModel 3210 0002dfbf-a081-8000-aae2-014d98014d98 Processing reference: ActivityClassParameter[name=pmUUID,it=3,v=]
2017-11-22 11:34:14.202 DEBUG processModel 3210 0002dfbf-a081-8000-aae2-014d98014d98 Processing reference: ActivityClassParameter[name=isAsynchronous,it=26,v=1]
2017-11-22 11:34:14.202 DEBUG processModel 3210 0002dfbf-a081-8000-aae2-014d98014d98 Processing reference: ActivityClassParameter[name=isTransparent,it=26,v=1]
2017-11-22 11:34:14.202 DEBUG processModel 3210 0002dfbf-a081-8000-aae2-014d98014d98 Processing reference: ActivityClassParameter[name=inheritSecurity,it=26,v=0]
2017-11-22 11:34:14.202 DEBUG processModel 3210 0002dfbf-a081-8000-aae2-014d98014d98 Processing reference: com.appiancorp.suiteapi.process.ProcessRoleMap@52ea90e7[
  Role[name=ADMIN_OWNER]
  Role[name=EDITOR]
  Role[name=EXPLICIT_NONMEMBER]
  Role[name=VIEWER]
  Role[name=MANAGER]
  Role[name=INITIATOR]
]
2017-11-22 11:34:14.202 DEBUG processModel 3210 0002dfbf-a081-8000-aae2-014d98014d98 Processing reference: Role[name=ADMIN_OWNER]
2017-11-22 11:34:14.202 DEBUG processModel 3210 0002dfbf-a081-8000-aae2-014d98014d98 Processing reference: Role[name=EDITOR]
2017-11-22 11:34:14.202 DEBUG processModel 3210 0002dfbf-a081-8000-aae2-014d98014d98 Processing reference: Role[name=EXPLICIT_NONMEMBER]
2017-11-22 11:34:14.202 DEBUG processModel 3210 0002dfbf-a081-8000-aae2-014d98014d98 Processing reference: Role[name=VIEWER]
2017-11-22 11:34:14.202 DEBUG processModel 3210 0002dfbf-a081-8000-aae2-014d98014d98 Processing reference: Role[name=MANAGER]
2017-11-22 11:34:14.202 DEBUG processModel 3210 0002dfbf-a081-8000-aae2-014d98014d98 Processing reference: Role[name=INITIATOR]
2017-11-22 11:34:14.202 DEBUG processModel 3210 0002dfbf-a081-8000-aae2-014d98014d98 Completing produce.
2017-11-22 11:34:14.202 DEBUG processModel 3210 0002dfbf-a081-8000-aae2-014d98014d98 Exporting binary resources.
2017-11-22 11:34:14.202 DEBUG processModel 3210 0002dfbf-a081-8000-aae2-014d98014d98 Serializing object to XML.
2017-11-22 11:34:14.205 DEBUG processModel 3210 0002dfbf-a081-8000-aae2-014d98014d98 Object transported.
2017-11-22 11:34:14.205 DEBUG application 43309 _a-0000df9d-6819-8000-aae2-01ef9001ef90_45159 Completing produce.
2017-11-22 11:34:14.205 DEBUG application 43309 _a-0000df9d-6819-8000-aae2-01ef9001ef90_45159 Exporting binary resources.
2017-11-22 11:34:14.205 DEBUG application 43309 _a-0000df9d-6819-8000-aae2-01ef9001ef90_45159 Serializing object to XML.
2017-11-22 11:34:14.205 DEBUG application 43309 _a-0000df9d-6819-8000-aae2-01ef9001ef90_45159 Object transported.
